-------------------------------------------------------------------------------
Test set: Package.Controllers.LaptopControllerTest
-------------------------------------------------------------------------------
Tests run: 3, Failures: 1, Errors: 0, Skipped: 0, Time elapsed: 8.786 s <<< FAILURE! - in Package.Controllers.LaptopControllerTest
findLaptopById  Time elapsed: 0.078 s  <<< FAILURE!
org.opentest4j.AssertionFailedError: expected: <200 OK> but was: <404 NOT_FOUND>
	at Package.Controllers.LaptopControllerTest.findLaptopById(LaptopControllerTest.java:87)

